<?xml version="1.0" encoding="UTF-8"?>
<testsuite name="resevation.controller.ControllerHotelTest" tests="2" skipped="0" failures="0" errors="0" timestamp="2022-05-09T11:34:07" hostname="daniel-Lenovo-ideapad-330-15IKB" time="0.002">
  <properties/>
  <testcase name="testCria_cliente" classname="resevation.controller.ControllerHotelTest" time="0.001"/>
  <testcase name="testHotel_barato" classname="resevation.controller.ControllerHotelTest" time="0.001"/>
  <system-out><![CDATA[]]></system-out>
  <system-err><![CDATA[]]></system-err>
</testsuite>
